<?xml version="1.0" encoding="UTF-8"?>
<!-- Generated by org.testng.reporters.JUnitXMLReporter -->
<testsuite ignored="0" hostname="LAPTOP-7GIBLMM9" failures="0" tests="3" name="Test" time="20.244" errors="0" timestamp="2024-04-05T13:10:03 IST">
  <testcase classname="SignalAutomation.SignalManagementTest.WorkflowConfigTest" name="addWorkflowConfig" time="2.501"/>
  <testcase classname="SignalAutomation.SignalManagementTest.WorkflowConfigTest" name="editWorkflowTest" time="2.58"/>
  <testcase classname="SignalAutomation.SignalManagementTest.WorkflowConfigTest" name="deleteWorkflow" time="2.371"/>
</testsuite> <!-- Test -->
