<?xml version="1.0" encoding="UTF-8"?>
<!-- Generated by org.testng.reporters.JUnitXMLReporter -->
<testsuite ignored="0" hostname="LAPTOP-7GIBLMM9" failures="0" tests="3" name="Test" time="23.079" errors="0" timestamp="2024-04-08T15:50:35 IST">
  <testcase classname="SignalAutomation.SignalManagementTest.WorkflowConfigTest" name="addWorkflowConfig" time="3.163"/>
  <testcase classname="SignalAutomation.SignalManagementTest.WorkflowConfigTest" name="editWorkflowTest" time="3.096"/>
  <testcase classname="SignalAutomation.SignalManagementTest.WorkflowConfigTest" name="deleteWorkflow" time="2.498"/>
</testsuite> <!-- Test -->
