<?xml version="1.0" encoding="UTF-8"?>
<testng-results ignored="0" total="3" passed="3" failed="0" skipped="0">
  <reporter-output>
  </reporter-output>
  <suite started-at="2024-04-05T13:09:43 IST" name="Suite" finished-at="2024-04-05T13:10:03 IST" duration-ms="20244">
    <groups>
    </groups>
    <test started-at="2024-04-05T13:09:43 IST" name="Test" finished-at="2024-04-05T13:10:03 IST" duration-ms="20244">
      <class name="SignalAutomation.SignalManagementTest.WorkflowConfigTest">
        <test-method is-config="true" signature="launchBrowser()[pri:0, instance:SignalAutomation.SignalManagementTest.WorkflowConfigTest@29526c05]" started-at="2024-04-05T13:09:43 IST" name="launchBrowser" finished-at="2024-04-05T13:09:47 IST" duration-ms="4325" status="PASS">
          <reporter-output>
          </reporter-output>
        </test-method> <!-- launchBrowser -->
        <test-method signature="addWorkflowConfig(java.util.HashMap)[pri:1, instance:SignalAutomation.SignalManagementTest.WorkflowConfigTest@29526c05]" started-at="2024-04-05T13:09:47 IST" name="addWorkflowConfig" data-provider="getDataFromJson" finished-at="2024-04-05T13:09:50 IST" duration-ms="2501" status="PASS">
          <params>
            <param index="0">
              <value>
                <![CDATA[{workflowDesc=Automation Workflow Desc, editassigneeName=syed.mohd, edittradeName=APCER Pharma Edited, productName=Automation Product, manufaturerName=APCER Inc Ltd, workflowConfigValue=APCER Workflow, editworkflowStage=Normal, password=Welcom@2024, tradeName=APCER Pharma, editproductName=Automation Product Edited, assigneeName=syed.mohd, workflowStage=Normal, client=ClientA, classDrug=Yes, email=syed.mohd, productDescription=Automation Product Description, goToNavigationLink=workflow, editmanufaturerName=APCER Inc Ltd Edited, editclassDrug=No, workflowName=Automation Workflow, editworkflowName=edit Automation Workflow, headerLinkIndex=0, url=https://apcer-qa.vc-19.ai/, editworkflowDesc=edit Automation Workflow Desc, editatcName=Atc_0012 Edited, editproductDescription=Automation Product Description Edited, atcName=Atc_0012}]]>
              </value>
            </param>
          </params>
          <reporter-output>
          </reporter-output>
        </test-method> <!-- addWorkflowConfig -->
        <test-method is-config="true" signature="closeBrowser()[pri:0, instance:SignalAutomation.SignalManagementTest.WorkflowConfigTest@29526c05]" started-at="2024-04-05T13:09:50 IST" name="closeBrowser" finished-at="2024-04-05T13:09:50 IST" duration-ms="84" status="PASS">
          <reporter-output>
          </reporter-output>
        </test-method> <!-- closeBrowser -->
        <test-method is-config="true" signature="launchBrowser()[pri:0, instance:SignalAutomation.SignalManagementTest.WorkflowConfigTest@29526c05]" started-at="2024-04-05T13:09:50 IST" name="launchBrowser" finished-at="2024-04-05T13:09:54 IST" duration-ms="4314" status="PASS">
          <reporter-output>
          </reporter-output>
        </test-method> <!-- launchBrowser -->
        <test-method signature="editWorkflowTest(java.util.HashMap)[pri:2, instance:SignalAutomation.SignalManagementTest.WorkflowConfigTest@29526c05]" started-at="2024-04-05T13:09:54 IST" name="editWorkflowTest" data-provider="getDataFromJson" finished-at="2024-04-05T13:09:57 IST" duration-ms="2580" status="PASS">
          <params>
            <param index="0">
              <value>
                <![CDATA[{workflowDesc=Automation Workflow Desc, editassigneeName=syed.mohd, edittradeName=APCER Pharma Edited, productName=Automation Product, manufaturerName=APCER Inc Ltd, workflowConfigValue=APCER Workflow, editworkflowStage=Normal, password=Welcom@2024, tradeName=APCER Pharma, editproductName=Automation Product Edited, assigneeName=syed.mohd, workflowStage=Normal, client=ClientA, classDrug=Yes, email=syed.mohd, productDescription=Automation Product Description, goToNavigationLink=workflow, editmanufaturerName=APCER Inc Ltd Edited, editclassDrug=No, workflowName=Automation Workflow, editworkflowName=edit Automation Workflow, headerLinkIndex=0, url=https://apcer-qa.vc-19.ai/, editworkflowDesc=edit Automation Workflow Desc, editatcName=Atc_0012 Edited, editproductDescription=Automation Product Description Edited, atcName=Atc_0012}]]>
              </value>
            </param>
          </params>
          <reporter-output>
          </reporter-output>
        </test-method> <!-- editWorkflowTest -->
        <test-method is-config="true" signature="closeBrowser()[pri:0, instance:SignalAutomation.SignalManagementTest.WorkflowConfigTest@29526c05]" started-at="2024-04-05T13:09:57 IST" name="closeBrowser" finished-at="2024-04-05T13:09:57 IST" duration-ms="91" status="PASS">
          <reporter-output>
          </reporter-output>
        </test-method> <!-- closeBrowser -->
        <test-method is-config="true" signature="launchBrowser()[pri:0, instance:SignalAutomation.SignalManagementTest.WorkflowConfigTest@29526c05]" started-at="2024-04-05T13:09:57 IST" name="launchBrowser" finished-at="2024-04-05T13:10:00 IST" duration-ms="3691" status="PASS">
          <reporter-output>
          </reporter-output>
        </test-method> <!-- launchBrowser -->
        <test-method signature="deleteWorkflow(java.util.HashMap)[pri:3, instance:SignalAutomation.SignalManagementTest.WorkflowConfigTest@29526c05]" started-at="2024-04-05T13:10:00 IST" name="deleteWorkflow" data-provider="getDataFromJson" finished-at="2024-04-05T13:10:03 IST" duration-ms="2371" status="PASS">
          <params>
            <param index="0">
              <value>
                <![CDATA[{workflowDesc=Automation Workflow Desc, editassigneeName=syed.mohd, edittradeName=APCER Pharma Edited, productName=Automation Product, manufaturerName=APCER Inc Ltd, workflowConfigValue=APCER Workflow, editworkflowStage=Normal, password=Welcom@2024, tradeName=APCER Pharma, editproductName=Automation Product Edited, assigneeName=syed.mohd, workflowStage=Normal, client=ClientA, classDrug=Yes, email=syed.mohd, productDescription=Automation Product Description, goToNavigationLink=workflow, editmanufaturerName=APCER Inc Ltd Edited, editclassDrug=No, workflowName=Automation Workflow, editworkflowName=edit Automation Workflow, headerLinkIndex=0, url=https://apcer-qa.vc-19.ai/, editworkflowDesc=edit Automation Workflow Desc, editatcName=Atc_0012 Edited, editproductDescription=Automation Product Description Edited, atcName=Atc_0012}]]>
              </value>
            </param>
          </params>
          <reporter-output>
          </reporter-output>
        </test-method> <!-- deleteWorkflow -->
        <test-method is-config="true" signature="closeBrowser()[pri:0, instance:SignalAutomation.SignalManagementTest.WorkflowConfigTest@29526c05]" started-at="2024-04-05T13:10:03 IST" name="closeBrowser" finished-at="2024-04-05T13:10:03 IST" duration-ms="80" status="PASS">
          <reporter-output>
          </reporter-output>
        </test-method> <!-- closeBrowser -->
      </class> <!-- SignalAutomation.SignalManagementTest.WorkflowConfigTest -->
    </test> <!-- Test -->
  </suite> <!-- Suite -->
</testng-results>
